{
  "RSpec": {
    "coverage": {
      "/Users/apurvajain/Desktop/Goemetry/lib/shapes.rb": [
        1,
        1
      ],
      "/Users/apurvajain/Desktop/Goemetry/lib/shapes/rectangle.rb": [
        null,
        null,
        1,
        null,
        1,
        2,
        2,
        null,
        null,
        1,
        2,
        null,
        null,
        null
      ],
      "/Users/apurvajain/Desktop/Goemetry/lib/shapes/side.rb": [
        null,
        1,
        null,
        1,
        null,
        1,
        4,
        null,
        null,
        1,
        1,
        null,
        null,
        1,
        1,
        null,
        null,
        null
      ]
    },
    "timestamp": 1422867460
  }
}
